------------------------------------------------------------------------------------------------------------------------

[2024-12-19 00:49:13 #1 store] 
Database 'C:\Users\shosh\Desktop\objectdb-2.8.7\objectdb-2.8.7\db\odbtest.odb' is opened by 11208@shaahdmostafa

[2024-12-19 00:49:13 #2 store] 
Configuration path: C:\Users\shosh\Desktop\objectdb-2.8.7\objectdb-2.8.7\objectdb.conf

[2024-12-19 00:49:13 #3 type] 
Type library.Employee is not enhanced.

[2024-12-19 00:49:13 #4 type] 
Type library.book is not enhanced.

[2024-12-19 00:49:13 #5 type] 
Type library.user is not enhanced.

[2024-12-19 00:49:13 #6 store] 
Database 'C:\Users\shosh\Desktop\objectdb-2.8.7\objectdb-2.8.7\db\odbtest.odb' is closed by 11208@shaahdmostafa

------------------------------------------------------------------------------------------------------------------------

[2024-12-19 00:50:05 #1 store] 
Database 'C:\Users\shosh\Desktop\objectdb-2.8.7\objectdb-2.8.7\db\odbtest.odb' is opened by 27824@shaahdmostafa

[2024-12-19 00:50:05 #2 store] 
Configuration path: C:\Users\shosh\Desktop\objectdb-2.8.7\objectdb-2.8.7\objectdb.conf

[2024-12-19 00:50:05 #3 type] 
Type library.Employee is not enhanced.

[2024-12-19 00:50:05 #4 type] 
Type library.book is not enhanced.

[2024-12-19 00:50:05 #5 type] 
Type library.user is not enhanced.

[2024-12-19 00:50:05 #6 store] 
Database 'C:\Users\shosh\Desktop\objectdb-2.8.7\objectdb-2.8.7\db\odbtest.odb' is closed by 27824@shaahdmostafa

------------------------------------------------------------------------------------------------------------------------

[2024-12-19 00:50:25 #1 store] 
Database 'C:\Users\shosh\Desktop\objectdb-2.8.7\objectdb-2.8.7\db\odbtest.odb' is opened by 15632@shaahdmostafa

[2024-12-19 00:50:25 #2 store] 
Configuration path: C:\Users\shosh\Desktop\objectdb-2.8.7\objectdb-2.8.7\objectdb.conf

[2024-12-19 00:52:22 #3 store] 
Database 'C:\Users\shosh\Desktop\objectdb-2.8.7\objectdb-2.8.7\db\odbtest.odb' is closed by 15632@shaahdmostafa

------------------------------------------------------------------------------------------------------------------------

[2024-12-19 01:17:35 #1 store] 
Database 'C:\Users\shosh\Desktop\objectdb-2.8.7\objectdb-2.8.7\db\odbtest.odb' is opened by 27796@shaahdmostafa

[2024-12-19 01:17:35 #2 store] 
Configuration path: C:\Users\shosh\Desktop\objectdb-2.8.7\objectdb-2.8.7\objectdb.conf

[2024-12-19 01:17:35 #3 type] 
Type library.Employee is not enhanced.

[2024-12-19 01:17:35 #4 type] 
Type library.book is not enhanced.

[2024-12-19 01:17:35 #5 type] 
Type library.user is not enhanced.

[2024-12-19 01:17:35 #6 store] 
Database 'C:\Users\shosh\Desktop\objectdb-2.8.7\objectdb-2.8.7\db\odbtest.odb' is closed by 27796@shaahdmostafa

------------------------------------------------------------------------------------------------------------------------

[2024-12-19 01:17:52 #1 store] 
Database 'C:\Users\shosh\Desktop\objectdb-2.8.7\objectdb-2.8.7\db\odbtest.odb' is opened by 26368@shaahdmostafa

[2024-12-19 01:17:52 #2 store] 
Configuration path: C:\Users\shosh\Desktop\objectdb-2.8.7\objectdb-2.8.7\objectdb.conf

[2024-12-19 01:20:15 #3 store] 
Database 'C:\Users\shosh\Desktop\objectdb-2.8.7\objectdb-2.8.7\db\odbtest.odb' is closed by 26368@shaahdmostafa

------------------------------------------------------------------------------------------------------------------------

[2024-12-19 01:20:19 #1 store] 
Database 'C:\Users\shosh\Desktop\objectdb-2.8.7\objectdb-2.8.7\db\odbtest.odb' is opened by 18556@shaahdmostafa

[2024-12-19 01:20:19 #2 store] 
Configuration path: C:\Users\shosh\Desktop\objectdb-2.8.7\objectdb-2.8.7\objectdb.conf

[2024-12-19 01:20:19 #3 type] 
Type library.Employee is not enhanced.

[2024-12-19 01:20:19 #4 type] 
Type library.book is not enhanced.

[2024-12-19 01:20:19 #5 type] 
Type library.user is not enhanced.

[2024-12-19 01:20:19 #6 store] 
Database 'C:\Users\shosh\Desktop\objectdb-2.8.7\objectdb-2.8.7\db\odbtest.odb' is closed by 18556@shaahdmostafa

------------------------------------------------------------------------------------------------------------------------

[2024-12-19 01:20:42 #1 store] 
Database 'C:\Users\shosh\Desktop\objectdb-2.8.7\objectdb-2.8.7\db\odbtest.odb' is opened by 21980@shaahdmostafa

[2024-12-19 01:20:42 #2 store] 
Configuration path: C:\Users\shosh\Desktop\objectdb-2.8.7\objectdb-2.8.7\objectdb.conf

[2024-12-19 01:39:50 #3 store] 
Database 'C:\Users\shosh\Desktop\objectdb-2.8.7\objectdb-2.8.7\db\odbtest.odb' is closed by 21980@shaahdmostafa

------------------------------------------------------------------------------------------------------------------------

[2024-12-19 01:39:55 #1 store] 
Database 'C:\Users\shosh\Desktop\objectdb-2.8.7\objectdb-2.8.7\db\odbtest.odb' is opened by 24660@shaahdmostafa

[2024-12-19 01:39:55 #2 store] 
Configuration path: C:\Users\shosh\Desktop\objectdb-2.8.7\objectdb-2.8.7\objectdb.conf

[2024-12-19 01:39:55 #3 type] 
Type library.Employee is not enhanced.

[2024-12-19 01:39:55 #4 type] 
Type library.book is not enhanced.

[2024-12-19 01:39:55 #5 type] 
Type library.user is not enhanced.

[2024-12-19 01:39:56 #6 store] 
Database 'C:\Users\shosh\Desktop\objectdb-2.8.7\objectdb-2.8.7\db\odbtest.odb' is closed by 24660@shaahdmostafa

------------------------------------------------------------------------------------------------------------------------

[2024-12-19 01:40:11 #1 store] 
Database 'C:\Users\shosh\Desktop\objectdb-2.8.7\objectdb-2.8.7\db\odbtest.odb' is opened by 4736@shaahdmostafa

[2024-12-19 01:40:11 #2 store] 
Configuration path: C:\Users\shosh\Desktop\objectdb-2.8.7\objectdb-2.8.7\objectdb.conf

[2024-12-19 01:40:11 #3 type] 
Type library.Employee is not enhanced.

[2024-12-19 01:40:11 #4 type] 
Type library.book is not enhanced.

[2024-12-19 01:40:11 #5 type] 
Type library.user is not enhanced.

[2024-12-19 01:40:12 #6 store] 
Database 'C:\Users\shosh\Desktop\objectdb-2.8.7\objectdb-2.8.7\db\odbtest.odb' is closed by 4736@shaahdmostafa

------------------------------------------------------------------------------------------------------------------------

[2024-12-19 01:40:20 #1 store] 
Database 'C:\Users\shosh\Desktop\objectdb-2.8.7\objectdb-2.8.7\db\odbtest.odb' is opened by 20580@shaahdmostafa

[2024-12-19 01:40:20 #2 store] 
Configuration path: C:\Users\shosh\Desktop\objectdb-2.8.7\objectdb-2.8.7\objectdb.conf

[2024-12-19 01:41:50 #3 store] 
Database 'C:\Users\shosh\Desktop\objectdb-2.8.7\objectdb-2.8.7\db\odbtest.odb' is closed by 20580@shaahdmostafa

------------------------------------------------------------------------------------------------------------------------

[2024-12-19 01:41:56 #1 store] 
Database 'C:\Users\shosh\Desktop\objectdb-2.8.7\objectdb-2.8.7\db\odbtest.odb' is opened by 11032@shaahdmostafa

[2024-12-19 01:41:56 #2 store] 
Configuration path: C:\Users\shosh\Desktop\objectdb-2.8.7\objectdb-2.8.7\objectdb.conf

[2024-12-19 01:41:56 #3 type] 
Type library.Employee is not enhanced.

[2024-12-19 01:41:56 #4 type] 
Type library.book is not enhanced.

[2024-12-19 01:41:56 #5 type] 
Type library.user is not enhanced.

[2024-12-19 01:41:56 #6 store] 
Database 'C:\Users\shosh\Desktop\objectdb-2.8.7\objectdb-2.8.7\db\odbtest.odb' is closed by 11032@shaahdmostafa

------------------------------------------------------------------------------------------------------------------------

[2024-12-19 01:42:04 #1 store] 
Database 'C:\Users\shosh\Desktop\objectdb-2.8.7\objectdb-2.8.7\db\odbtest.odb' is opened by 24956@shaahdmostafa

[2024-12-19 01:42:04 #2 store] 
Configuration path: C:\Users\shosh\Desktop\objectdb-2.8.7\objectdb-2.8.7\objectdb.conf

[2024-12-19 01:42:56 #3 store] 
Database 'C:\Users\shosh\Desktop\objectdb-2.8.7\objectdb-2.8.7\db\odbtest.odb' is closed by 24956@shaahdmostafa

------------------------------------------------------------------------------------------------------------------------

[2024-12-19 01:44:59 #1 store] 
Database 'C:\Users\shosh\Desktop\objectdb-2.8.7\objectdb-2.8.7\db\odbtest.odb' is opened by 4052@shaahdmostafa

[2024-12-19 01:44:59 #2 store] 
Configuration path: C:\Users\shosh\Desktop\objectdb-2.8.7\objectdb-2.8.7\objectdb.conf

[2024-12-19 01:44:59 #3 type] 
Type library.Employee is not enhanced.

[2024-12-19 01:44:59 #4 type] 
Type library.book is not enhanced.

[2024-12-19 01:44:59 #5 type] 
Type library.user is not enhanced.

[2024-12-19 01:45:00 #6 store] 
Database 'C:\Users\shosh\Desktop\objectdb-2.8.7\objectdb-2.8.7\db\odbtest.odb' is closed by 4052@shaahdmostafa

------------------------------------------------------------------------------------------------------------------------

[2024-12-19 01:45:09 #1 store] 
Database 'C:\Users\shosh\Desktop\objectdb-2.8.7\objectdb-2.8.7\db\odbtest.odb' is opened by 18092@shaahdmostafa

[2024-12-19 01:45:09 #2 store] 
Configuration path: C:\Users\shosh\Desktop\objectdb-2.8.7\objectdb-2.8.7\objectdb.conf

[2024-12-19 01:45:55 #3 store] 
Database 'C:\Users\shosh\Desktop\objectdb-2.8.7\objectdb-2.8.7\db\odbtest.odb' is closed by 18092@shaahdmostafa

------------------------------------------------------------------------------------------------------------------------

[2024-12-19 01:46:18 #1 store] 
Database 'C:\Users\shosh\Desktop\objectdb-2.8.7\objectdb-2.8.7\db\odbtest.odb' is opened by 10908@shaahdmostafa

[2024-12-19 01:46:18 #2 store] 
Configuration path: C:\Users\shosh\Desktop\objectdb-2.8.7\objectdb-2.8.7\objectdb.conf

[2024-12-19 01:47:08 #3 store] 
Database 'C:\Users\shosh\Desktop\objectdb-2.8.7\objectdb-2.8.7\db\odbtest.odb' is closed by 10908@shaahdmostafa

------------------------------------------------------------------------------------------------------------------------

[2024-12-19 01:47:12 #1 store] 
Database 'C:\Users\shosh\Desktop\objectdb-2.8.7\objectdb-2.8.7\db\odbtest.odb' is opened by 21548@shaahdmostafa

[2024-12-19 01:47:12 #2 store] 
Configuration path: C:\Users\shosh\Desktop\objectdb-2.8.7\objectdb-2.8.7\objectdb.conf

[2024-12-19 01:50:15 #3 store] 
Database 'C:\Users\shosh\Desktop\objectdb-2.8.7\objectdb-2.8.7\db\odbtest.odb' is closed by 21548@shaahdmostafa

------------------------------------------------------------------------------------------------------------------------

[2024-12-19 01:57:29 #1 store] 
Database 'C:\Users\shosh\Desktop\objectdb-2.8.7\objectdb-2.8.7\db\odbtest.odb' is opened by 4144@shaahdmostafa

[2024-12-19 01:57:29 #2 store] 
Configuration path: C:\Users\shosh\Desktop\objectdb-2.8.7\objectdb-2.8.7\objectdb.conf

[2024-12-19 01:57:29 #3 type] 
Type library.Employee is not enhanced.

[2024-12-19 01:57:29 #4 type] 
Type library.book is not enhanced.

[2024-12-19 01:57:29 #5 type] 
Type library.user is not enhanced.

[2024-12-19 01:57:29 #6 store] 
Database 'C:\Users\shosh\Desktop\objectdb-2.8.7\objectdb-2.8.7\db\odbtest.odb' is closed by 4144@shaahdmostafa

------------------------------------------------------------------------------------------------------------------------

[2024-12-19 07:45:24 #1 store] 
Database 'C:\Users\shosh\Desktop\objectdb-2.8.7\objectdb-2.8.7\db\odbtest.odb' is opened by 1732@shaahdmostafa

[2024-12-19 07:45:24 #2 store] 
Configuration path: C:\Users\shosh\Desktop\objectdb-2.8.7\objectdb-2.8.7\objectdb.conf

[2024-12-19 07:46:19 #3 store] 
Database 'C:\Users\shosh\Desktop\objectdb-2.8.7\objectdb-2.8.7\db\odbtest.odb' is closed by 1732@shaahdmostafa

------------------------------------------------------------------------------------------------------------------------

[2024-12-19 07:58:06 #1 store] 
Database 'C:\Users\shosh\Desktop\objectdb-2.8.7\objectdb-2.8.7\db\odbtest.odb' is opened by 12992@shaahdmostafa

[2024-12-19 07:58:06 #2 store] 
Configuration path: C:\Users\shosh\Desktop\objectdb-2.8.7\objectdb-2.8.7\objectdb.conf

[2024-12-19 07:58:06 #3 type] 
Type library.Employee is not enhanced.

[2024-12-19 07:58:06 #4 type] 
Type library.book is not enhanced.

[2024-12-19 07:58:06 #5 type] 
Type library.user is not enhanced.

[2024-12-19 07:58:06 #6 store] 
Database 'C:\Users\shosh\Desktop\objectdb-2.8.7\objectdb-2.8.7\db\odbtest.odb' is closed by 12992@shaahdmostafa

------------------------------------------------------------------------------------------------------------------------

[2024-12-19 07:58:26 #1 store] 
Database 'C:\Users\shosh\Desktop\objectdb-2.8.7\objectdb-2.8.7\db\odbtest.odb' is opened by 29332@shaahdmostafa

[2024-12-19 07:58:26 #2 store] 
Configuration path: C:\Users\shosh\Desktop\objectdb-2.8.7\objectdb-2.8.7\objectdb.conf

[2024-12-19 08:05:44 #3 store] 
Database 'C:\Users\shosh\Desktop\objectdb-2.8.7\objectdb-2.8.7\db\odbtest.odb' is closed by 29332@shaahdmostafa

------------------------------------------------------------------------------------------------------------------------

[2024-12-19 08:06:06 #1 store] 
Database 'C:\Users\shosh\Desktop\objectdb-2.8.7\objectdb-2.8.7\db\odbtest.odb' is opened by 14656@shaahdmostafa

[2024-12-19 08:06:06 #2 store] 
Configuration path: C:\Users\shosh\Desktop\objectdb-2.8.7\objectdb-2.8.7\objectdb.conf

[2024-12-19 08:07:26 #3 store] 
Database 'C:\Users\shosh\Desktop\objectdb-2.8.7\objectdb-2.8.7\db\odbtest.odb' is closed by 14656@shaahdmostafa

------------------------------------------------------------------------------------------------------------------------

[2024-12-19 08:07:37 #1 store] 
Database 'C:\Users\shosh\Desktop\objectdb-2.8.7\objectdb-2.8.7\db\odbtest.odb' is opened by 23096@shaahdmostafa

[2024-12-19 08:07:37 #2 store] 
Configuration path: C:\Users\shosh\Desktop\objectdb-2.8.7\objectdb-2.8.7\objectdb.conf

[2024-12-19 08:08:08 #3 store] 
Database 'C:\Users\shosh\Desktop\objectdb-2.8.7\objectdb-2.8.7\db\odbtest.odb' is closed by 23096@shaahdmostafa

------------------------------------------------------------------------------------------------------------------------

[2024-12-19 08:10:22 #1 store] 
Database 'C:\Users\shosh\Desktop\objectdb-2.8.7\objectdb-2.8.7\db\odbtest.odb' is opened by 68@shaahdmostafa

[2024-12-19 08:10:22 #2 store] 
Configuration path: C:\Users\shosh\Desktop\objectdb-2.8.7\objectdb-2.8.7\objectdb.conf

[2024-12-19 08:11:04 #3 store] 
Database 'C:\Users\shosh\Desktop\objectdb-2.8.7\objectdb-2.8.7\db\odbtest.odb' is closed by 68@shaahdmostafa

------------------------------------------------------------------------------------------------------------------------

[2024-12-19 10:05:00 #1 store] 
Database 'C:\Users\shosh\Desktop\objectdb-2.8.7\objectdb-2.8.7\db\odbtest.odb' is opened by 8484@shaahdmostafa

[2024-12-19 10:05:00 #2 store] 
Configuration path: C:\Users\shosh\Desktop\objectdb-2.8.7\objectdb-2.8.7\objectdb.conf

[2024-12-19 10:05:00 #3 type] 
Type library.Employee is not enhanced.

[2024-12-19 10:05:00 #4 type] 
Type library.book is not enhanced.

[2024-12-19 10:05:00 #5 type] 
Type library.user is not enhanced.

------------------------------------------------------------------------------------------------------------------------

[2024-12-19 10:08:18 #1 store] 
Database 'C:\Users\shosh\Desktop\objectdb-2.8.7\objectdb-2.8.7\db\odbtest.odb' is opened by 9096@shaahdmostafa

[2024-12-19 10:08:18 #2 store] 
Configuration path: C:\Users\shosh\Desktop\objectdb-2.8.7\objectdb-2.8.7\objectdb.conf

[2024-12-19 10:08:18 #3 type] 
Type library.Employee is not enhanced.

[2024-12-19 10:08:18 #4 type] 
Type library.book is not enhanced.

[2024-12-19 10:08:18 #5 type] 
Type library.user is not enhanced.

[2024-12-19 10:08:18 #6 store] 
Database 'C:\Users\shosh\Desktop\objectdb-2.8.7\objectdb-2.8.7\db\odbtest.odb' is closed by 9096@shaahdmostafa

------------------------------------------------------------------------------------------------------------------------

[2024-12-19 10:08:36 #1 store] 
Database 'C:\Users\shosh\Desktop\objectdb-2.8.7\objectdb-2.8.7\db\odbtest.odb' is opened by 8828@shaahdmostafa

[2024-12-19 10:08:36 #2 store] 
Configuration path: C:\Users\shosh\Desktop\objectdb-2.8.7\objectdb-2.8.7\objectdb.conf

[2024-12-19 10:09:39 #3 explorer] 
java.util.NoSuchElementException: No more Extent results
	at com.objectdb.o.EXT$a.next(EXT.java:315)
	at com.objectdb.o.RSI.W(RSI.java:172)
	at com.objectdb.o.ETI.n(ETI.java:154)
	at com.objectdb.o.ITP.B(ITP.java:457)
	at com.objectdb.o.ITP.Zw(ITP.java:341)
	at com.objectdb.o.RTR.Zw(RTR.java:71)
	at com.objectdb.o.Command.actionPerformed(Command.java:471)
	at java.desktop/javax.swing.AbstractButton.fireActionPerformed(AbstractButton.java:1972)
	at java.desktop/javax.swing.AbstractButton$Handler.actionPerformed(AbstractButton.java:2314)
	at java.desktop/javax.swing.DefaultButtonModel.fireActionPerformed(DefaultButtonModel.java:407)
	at java.desktop/javax.swing.DefaultButtonModel.setPressed(DefaultButtonModel.java:262)
	at java.desktop/javax.swing.AbstractButton.doClick(AbstractButton.java:374)
	at java.desktop/javax.swing.plaf.basic.BasicMenuItemUI.doClick(BasicMenuItemUI.java:1029)
	at java.desktop/javax.swing.plaf.basic.BasicMenuItemUI$Handler.mouseReleased(BasicMenuItemUI.java:1073)
	at java.desktop/java.awt.Component.processMouseEvent(Component.java:6621)
	at java.desktop/javax.swing.JComponent.processMouseEvent(JComponent.java:3404)
	at java.desktop/java.awt.Component.processEvent(Component.java:6386)
	at java.desktop/java.awt.Container.processEvent(Container.java:2266)
	at java.desktop/java.awt.Component.dispatchEventImpl(Component.java:4996)
	at java.desktop/java.awt.Container.dispatchEventImpl(Container.java:2324)
	at java.desktop/java.awt.Component.dispatchEvent(Component.java:4828)
	at java.desktop/java.awt.LightweightDispatcher.retargetMouseEvent(Container.java:4948)
	at java.desktop/java.awt.LightweightDispatcher.processMouseEvent(Container.java:4575)
	at java.desktop/java.awt.LightweightDispatcher.dispatchEvent(Container.java:4516)
	at java.desktop/java.awt.Container.dispatchEventImpl(Container.java:2310)
	at java.desktop/java.awt.Window.dispatchEventImpl(Window.java:2780)
	at java.desktop/java.awt.Component.dispatchEvent(Component.java:4828)
	at java.desktop/java.awt.EventQueue.dispatchEventImpl(EventQueue.java:775)
	at java.desktop/java.awt.EventQueue$4.run(EventQueue.java:720)
	at java.desktop/java.awt.EventQueue$4.run(EventQueue.java:714)
	at java.base/java.security.AccessController.doPrivileged(AccessController.java:400)
	at java.base/java.security.ProtectionDomain$JavaSecurityAccessImpl.doIntersectionPrivilege(ProtectionDomain.java:87)
	at java.base/java.security.ProtectionDomain$JavaSecurityAccessImpl.doIntersectionPrivilege(ProtectionDomain.java:98)
	at java.desktop/java.awt.EventQueue$5.run(EventQueue.java:747)
	at java.desktop/java.awt.EventQueue$5.run(EventQueue.java:745)
	at java.base/java.security.AccessController.doPrivileged(AccessController.java:400)
	at java.base/java.security.ProtectionDomain$JavaSecurityAccessImpl.doIntersectionPrivilege(ProtectionDomain.java:87)
	at java.desktop/java.awt.EventQueue.dispatchEvent(EventQueue.java:744)
	at java.desktop/java.awt.EventDispatchThread.pumpOneEventForFilters(EventDispatchThread.java:203)
	at java.desktop/java.awt.EventDispatchThread.pumpEventsForFilter(EventDispatchThread.java:124)
	at java.desktop/java.awt.EventDispatchThread.pumpEventsForHierarchy(EventDispatchThread.java:113)
	at java.desktop/java.awt.EventDispatchThread.pumpEvents(EventDispatchThread.java:109)
	at java.desktop/java.awt.EventDispatchThread.pumpEvents(EventDispatchThread.java:101)
	at java.desktop/java.awt.EventDispatchThread.run(EventDispatchThread.java:90)

[2024-12-19 10:09:42 #4 store] 
Database 'C:\Users\shosh\Desktop\objectdb-2.8.7\objectdb-2.8.7\db\odbtest.odb' is closed by 8828@shaahdmostafa

------------------------------------------------------------------------------------------------------------------------

[2024-12-19 10:09:46 #1 store] 
Database 'C:\Users\shosh\Desktop\objectdb-2.8.7\objectdb-2.8.7\db\odbtest.odb' is opened by 15264@shaahdmostafa

[2024-12-19 10:09:46 #2 store] 
Configuration path: C:\Users\shosh\Desktop\objectdb-2.8.7\objectdb-2.8.7\objectdb.conf

[2024-12-19 10:10:34 #3 store] 
Database 'C:\Users\shosh\Desktop\objectdb-2.8.7\objectdb-2.8.7\db\odbtest.odb' is closed by 15264@shaahdmostafa

------------------------------------------------------------------------------------------------------------------------

[2024-12-19 10:28:22 #1 store] 
Database 'C:\Users\shosh\Desktop\objectdb-2.8.7\objectdb-2.8.7\db\odbtest.odb' is opened by 19888@shaahdmostafa

[2024-12-19 10:28:22 #2 store] 
Configuration path: C:\Users\shosh\Desktop\objectdb-2.8.7\objectdb-2.8.7\objectdb.conf

[2024-12-19 10:28:22 #3 type] 
Type library.Employee is not enhanced.

[2024-12-19 10:28:22 #4 type] 
Type library.book is not enhanced.

[2024-12-19 10:28:22 #5 type] 
Type library.user is not enhanced.

[2024-12-19 10:28:22 #6 store] 
Database 'C:\Users\shosh\Desktop\objectdb-2.8.7\objectdb-2.8.7\db\odbtest.odb' is closed by 19888@shaahdmostafa

------------------------------------------------------------------------------------------------------------------------

[2024-12-19 10:31:58 #1 store] 
Database 'C:\Users\shosh\Desktop\objectdb-2.8.7\objectdb-2.8.7\db\odbtest.odb' is opened by 21944@shaahdmostafa

[2024-12-19 10:31:58 #2 store] 
Configuration path: C:\Users\shosh\Desktop\objectdb-2.8.7\objectdb-2.8.7\objectdb.conf

[2024-12-19 10:31:59 #3 type] 
Type library.Employee is not enhanced.

[2024-12-19 10:31:59 #4 type] 
Type library.book is not enhanced.

[2024-12-19 10:31:59 #5 type] 
Type library.user is not enhanced.

[2024-12-19 10:31:59 #6 store] 
Database 'C:\Users\shosh\Desktop\objectdb-2.8.7\objectdb-2.8.7\db\odbtest.odb' is closed by 21944@shaahdmostafa

------------------------------------------------------------------------------------------------------------------------

[2024-12-19 10:33:14 #1 store] 
Database 'C:\Users\shosh\Desktop\objectdb-2.8.7\objectdb-2.8.7\db\odbtest.odb' is opened by 9628@shaahdmostafa

[2024-12-19 10:33:14 #2 store] 
Configuration path: C:\Users\shosh\Desktop\objectdb-2.8.7\objectdb-2.8.7\objectdb.conf

[2024-12-19 10:33:14 #3 type] 
Type library.Employee is not enhanced.

[2024-12-19 10:33:14 #4 type] 
Type library.book is not enhanced.

[2024-12-19 10:33:14 #5 type] 
Type library.user is not enhanced.

[2024-12-19 10:33:14 #6 store] 
Database 'C:\Users\shosh\Desktop\objectdb-2.8.7\objectdb-2.8.7\db\odbtest.odb' is closed by 9628@shaahdmostafa

------------------------------------------------------------------------------------------------------------------------

[2024-12-19 10:51:10 #1 store] 
Database 'C:\Users\shosh\Desktop\objectdb-2.8.7\objectdb-2.8.7\db\odbtest.odb' is opened by 25580@shaahdmostafa

[2024-12-19 10:51:10 #2 store] 
Configuration path: C:\Users\shosh\Desktop\objectdb-2.8.7\objectdb-2.8.7\objectdb.conf

[2024-12-19 10:51:11 #3 type] 
Type library.Employee is not enhanced.

[2024-12-19 10:51:11 #4 type] 
Type library.book is not enhanced.

[2024-12-19 10:51:11 #5 type] 
Type library.user is not enhanced.

[2024-12-19 10:51:11 #6 store] 
Database 'C:\Users\shosh\Desktop\objectdb-2.8.7\objectdb-2.8.7\db\odbtest.odb' is closed by 25580@shaahdmostafa

------------------------------------------------------------------------------------------------------------------------

[2024-12-19 10:52:33 #1 store] 
Database 'C:\Users\shosh\Desktop\objectdb-2.8.7\objectdb-2.8.7\db\odbtest.odb' is opened by 23844@shaahdmostafa

[2024-12-19 10:52:33 #2 store] 
Configuration path: C:\Users\shosh\Desktop\objectdb-2.8.7\objectdb-2.8.7\objectdb.conf

[2024-12-19 10:52:33 #3 type] 
Type library.Employee is not enhanced.

[2024-12-19 10:52:33 #4 type] 
Type library.book is not enhanced.

[2024-12-19 10:52:33 #5 type] 
Type library.user is not enhanced.

[2024-12-19 10:52:33 #6 store] 
Database 'C:\Users\shosh\Desktop\objectdb-2.8.7\objectdb-2.8.7\db\odbtest.odb' is closed by 23844@shaahdmostafa

------------------------------------------------------------------------------------------------------------------------

[2024-12-19 10:53:30 #1 store] 
Database 'C:\Users\shosh\Desktop\objectdb-2.8.7\objectdb-2.8.7\db\odbtest.odb' is opened by 25596@shaahdmostafa

[2024-12-19 10:53:30 #2 store] 
Configuration path: C:\Users\shosh\Desktop\objectdb-2.8.7\objectdb-2.8.7\objectdb.conf

[2024-12-19 10:55:07 #3 *] 
[ObjectDB 2.8.7] java.lang.IllegalArgumentException
Attempt to modify a primary key of a managed object [Employee:45]: library.Employee#45 (error 635)
	at java.desktop/javax.swing.JTable.columnMoved(JTable.java:4643)
	at java.desktop/javax.swing.table.DefaultTableColumnModel.fireColumnMoved(DefaultTableColumnModel.java:560)
	at java.desktop/javax.swing.table.DefaultTableColumnModel.moveColumn(DefaultTableColumnModel.java:191)
	at java.desktop/javax.swing.plaf.basic.BasicTableHeaderUI$MouseInputHandler.setDraggedDistance(BasicTableHeaderUI.java:311)
	at java.desktop/javax.swing.plaf.basic.BasicTableHeaderUI$MouseInputHandler.mouseReleased(BasicTableHeaderUI.java:281)
	at java.desktop/java.awt.AWTEventMulticaster.mouseReleased(AWTEventMulticaster.java:298)
	at java.desktop/java.awt.AWTEventMulticaster.mouseReleased(AWTEventMulticaster.java:297)
	at java.desktop/java.awt.Component.processMouseEvent(Component.java:6621)
	at java.desktop/javax.swing.JComponent.processMouseEvent(JComponent.java:3404)
	at java.desktop/java.awt.Component.processEvent(Component.java:6386)
	at java.desktop/java.awt.Container.processEvent(Container.java:2266)
	at java.desktop/java.awt.Component.dispatchEventImpl(Component.java:4996)
	at java.desktop/java.awt.Container.dispatchEventImpl(Container.java:2324)
	at java.desktop/java.awt.Component.dispatchEvent(Component.java:4828)
	at java.desktop/java.awt.LightweightDispatcher.retargetMouseEvent(Container.java:4948)
	at java.desktop/java.awt.LightweightDispatcher.processMouseEvent(Container.java:4575)
	at java.desktop/java.awt.LightweightDispatcher.dispatchEvent(Container.java:4516)
	at java.desktop/java.awt.Container.dispatchEventImpl(Container.java:2310)
	at java.desktop/java.awt.Window.dispatchEventImpl(Window.java:2780)
	at java.desktop/java.awt.Component.dispatchEvent(Component.java:4828)
	at java.desktop/java.awt.EventQueue.dispatchEventImpl(EventQueue.java:775)
	at java.desktop/java.awt.EventQueue$4.run(EventQueue.java:720)
	at java.desktop/java.awt.EventQueue$4.run(EventQueue.java:714)
	at java.base/java.security.AccessController.doPrivileged(AccessController.java:400)
	at java.base/java.security.ProtectionDomain$JavaSecurityAccessImpl.doIntersectionPrivilege(ProtectionDomain.java:87)
	at java.base/java.security.ProtectionDomain$JavaSecurityAccessImpl.doIntersectionPrivilege(ProtectionDomain.java:98)
	at java.desktop/java.awt.EventQueue$5.run(EventQueue.java:747)
	at java.desktop/java.awt.EventQueue$5.run(EventQueue.java:745)
	at java.base/java.security.AccessController.doPrivileged(AccessController.java:400)
	at java.base/java.security.ProtectionDomain$JavaSecurityAccessImpl.doIntersectionPrivilege(ProtectionDomain.java:87)
	at java.desktop/java.awt.EventQueue.dispatchEvent(EventQueue.java:744)
	at java.desktop/java.awt.EventDispatchThread.pumpOneEventForFilters(EventDispatchThread.java:203)
	at java.desktop/java.awt.EventDispatchThread.pumpEventsForFilter(EventDispatchThread.java:124)
	at java.desktop/java.awt.EventDispatchThread.pumpEventsForHierarchy(EventDispatchThread.java:113)
	at java.desktop/java.awt.EventDispatchThread.pumpEvents(EventDispatchThread.java:109)
	at java.desktop/java.awt.EventDispatchThread.pumpEvents(EventDispatchThread.java:101)
	at java.desktop/java.awt.EventDispatchThread.run(EventDispatchThread.java:90)

[2024-12-19 10:56:19 #4 *] 
java.lang.NullPointerException: Cannot invoke "com.objectdb.o.UMR.YA()" because "<parameter1>" is null
	at com.objectdb.o.VAR.D(VAR.java:642)
	at com.objectdb.o.QNF.s(QNF.java:981)
	at com.objectdb.o.QNF.q(QNF.java:790)
	at com.objectdb.o.QNF.v(QNF.java:259)
	at com.objectdb.o.SYR.d(SYR.java:292)
	at com.objectdb.o.SYR.f(SYR.java:182)
	at com.objectdb.o.QRC.<init>(QRC.java:158)
	at com.objectdb.o.QRM.Z1(QRM.java:272)
	at com.objectdb.o.MST.Z1(MST.java:1026)
	at com.objectdb.o.WRA.Z1(WRA.java:313)
	at com.objectdb.o.WSM.Z1(WSM.java:117)
	at com.objectdb.o.QRR.k(QRR.java:260)
	at com.objectdb.o.QRR.i(QRR.java:154)
	at com.objectdb.o.QRR.a(QRR.java:634)
	at com.objectdb.o.IMQ.a(IMQ.java:144)
	at com.objectdb.o.UMR.A(UMR.java:512)
	at com.objectdb.o.ENT.loadInverse(ENT.java:1562)
	at com.objectdb.o.IVP.h(IVP.java:150)
	at com.objectdb.o.IVP.a(IVP.java:138)
	at com.objectdb.o.ILP.size(ILP.java:233)
	at com.objectdb.o.CLI.getChildCount(CLI.java:124)
	at com.objectdb.o.MultiValueItem.toString(MultiValueItem.java:56)
	at com.objectdb.o.DIT.toString(DIT.java:553)
	at com.objectdb.o.ItemTableControl.prepareRenderer(ItemTableControl.java:228)
	at java.desktop/javax.swing.plaf.basic.BasicTableUI.paintCell(BasicTableUI.java:2187)
	at java.desktop/javax.swing.plaf.basic.BasicTableUI.paintCells(BasicTableUI.java:2086)
	at java.desktop/javax.swing.plaf.basic.BasicTableUI.paint(BasicTableUI.java:1882)
	at java.desktop/javax.swing.plaf.ComponentUI.update(ComponentUI.java:161)
	at java.desktop/javax.swing.JComponent.paintComponent(JComponent.java:852)
	at java.desktop/javax.swing.JComponent.paint(JComponent.java:1128)
	at java.desktop/javax.swing.JComponent.paintChildren(JComponent.java:961)
	at java.desktop/javax.swing.JComponent.paint(JComponent.java:1137)
	at java.desktop/javax.swing.JViewport.paint(JViewport.java:736)
	at java.desktop/javax.swing.JComponent.paintChildren(JComponent.java:961)
	at java.desktop/javax.swing.JComponent.paint(JComponent.java:1137)
	at java.desktop/javax.swing.JComponent.paintChildren(JComponent.java:961)
	at java.desktop/javax.swing.JComponent.paint(JComponent.java:1137)
	at java.desktop/javax.swing.JComponent.paintChildren(JComponent.java:961)
	at java.desktop/javax.swing.JComponent.paint(JComponent.java:1137)
	at java.desktop/javax.swing.JViewport.paint(JViewport.java:736)
	at java.desktop/javax.swing.JComponent.paintChildren(JComponent.java:961)
	at java.desktop/javax.swing.JComponent.paint(JComponent.java:1137)
	at java.desktop/javax.swing.JComponent.paintChildren(JComponent.java:961)
	at java.desktop/javax.swing.JComponent.paint(JComponent.java:1137)
	at java.desktop/javax.swing.JComponent.paintChildren(JComponent.java:961)
	at java.desktop/javax.swing.JComponent.paint(JComponent.java:1137)
	at java.desktop/javax.swing.JComponent.paintChildren(JComponent.java:961)
	at java.desktop/javax.swing.JComponent.paint(JComponent.java:1137)
	at java.desktop/javax.swing.JLayeredPane.paint(JLayeredPane.java:586)
	at java.desktop/javax.swing.JComponent.paintChildren(JComponent.java:961)
	at java.desktop/javax.swing.JComponent.paint(JComponent.java:1137)
	at java.desktop/javax.swing.JComponent.paintChildren(JComponent.java:961)
	at java.desktop/javax.swing.JComponent.paint(JComponent.java:1137)
	at java.desktop/javax.swing.JComponent.paintChildren(JComponent.java:961)
	at java.desktop/javax.swing.JComponent.paint(JComponent.java:1137)
	at java.desktop/javax.swing.JLayeredPane.paint(JLayeredPane.java:586)
	at java.desktop/javax.swing.JComponent.paintToOffscreen(JComponent.java:5324)
	at java.desktop/javax.swing.RepaintManager$PaintManager.paintDoubleBufferedFPScales(RepaintManager.java:1720)
	at java.desktop/javax.swing.RepaintManager$PaintManager.paintDoubleBuffered(RepaintManager.java:1629)
	at java.desktop/javax.swing.RepaintManager$PaintManager.paint(RepaintManager.java:1569)
	at java.desktop/javax.swing.RepaintManager.paint(RepaintManager.java:1336)
	at java.desktop/javax.swing.JComponent._paintImmediately(JComponent.java:5272)
	at java.desktop/javax.swing.JComponent.paintImmediately(JComponent.java:5082)
	at java.desktop/javax.swing.RepaintManager$4.run(RepaintManager.java:878)
	at java.desktop/javax.swing.RepaintManager$4.run(RepaintManager.java:861)
	at java.base/java.security.AccessController.doPrivileged(AccessController.java:400)
	at java.base/java.security.ProtectionDomain$JavaSecurityAccessImpl.doIntersectionPrivilege(ProtectionDomain.java:87)
	at java.desktop/javax.swing.RepaintManager.paintDirtyRegions(RepaintManager.java:861)
	at java.desktop/javax.swing.RepaintManager.paintDirtyRegions(RepaintManager.java:834)
	at java.desktop/javax.swing.RepaintManager.prePaintDirtyRegions(RepaintManager.java:784)
	at java.desktop/javax.swing.RepaintManager$ProcessingRunnable.run(RepaintManager.java:1897)
	at java.desktop/java.awt.event.InvocationEvent.dispatch(InvocationEvent.java:318)
	at java.desktop/java.awt.EventQueue.dispatchEventImpl(EventQueue.java:773)
	at java.desktop/java.awt.EventQueue$4.run(EventQueue.java:720)
	at java.desktop/java.awt.EventQueue$4.run(EventQueue.java:714)
	at java.base/java.security.AccessController.doPrivileged(AccessController.java:400)
	at java.base/java.security.ProtectionDomain$JavaSecurityAccessImpl.doIntersectionPrivilege(ProtectionDomain.java:87)
	at java.desktop/java.awt.EventQueue.dispatchEvent(EventQueue.java:742)
	at java.desktop/java.awt.EventDispatchThread.pumpOneEventForFilters(EventDispatchThread.java:203)
	at java.desktop/java.awt.EventDispatchThread.pumpEventsForFilter(EventDispatchThread.java:124)
	at java.desktop/java.awt.EventDispatchThread.pumpEventsForHierarchy(EventDispatchThread.java:113)
	at java.desktop/java.awt.EventDispatchThread.pumpEvents(EventDispatchThread.java:109)
	at java.desktop/java.awt.EventDispatchThread.pumpEvents(EventDispatchThread.java:101)
	at java.desktop/java.awt.EventDispatchThread.run(EventDispatchThread.java:90)

[2024-12-19 10:56:19 #5 *] 
java.lang.NullPointerException: Cannot invoke "com.objectdb.o.UMR.YA()" because "<parameter1>" is null
	at com.objectdb.o.VAR.D(VAR.java:642)
	at com.objectdb.o.QNF.s(QNF.java:981)
	at com.objectdb.o.QNF.q(QNF.java:790)
	at com.objectdb.o.QNF.v(QNF.java:259)
	at com.objectdb.o.SYR.d(SYR.java:292)
	at com.objectdb.o.SYR.f(SYR.java:182)
	at com.objectdb.o.QRC.<init>(QRC.java:158)
	at com.objectdb.o.QRM.Z1(QRM.java:272)
	at com.objectdb.o.MST.Z1(MST.java:1026)
	at com.objectdb.o.WRA.Z1(WRA.java:313)
	at com.objectdb.o.WSM.Z1(WSM.java:117)
	at com.objectdb.o.QRR.k(QRR.java:260)
	at com.objectdb.o.QRR.i(QRR.java:154)
	at com.objectdb.o.QRR.a(QRR.java:634)
	at com.objectdb.o.IMQ.a(IMQ.java:144)
	at com.objectdb.o.UMR.A(UMR.java:512)
	at com.objectdb.o.ENT.loadInverse(ENT.java:1562)
	at com.objectdb.o.IVP.h(IVP.java:150)
	at com.objectdb.o.IVP.a(IVP.java:138)
	at com.objectdb.o.ILP.size(ILP.java:233)
	at com.objectdb.o.CLI.getChildCount(CLI.java:124)
	at com.objectdb.o.MultiValueItem.toString(MultiValueItem.java:56)
	at com.objectdb.o.DIT.toString(DIT.java:553)
	at com.objectdb.o.ItemTableControl.prepareRenderer(ItemTableControl.java:228)
	at java.desktop/javax.swing.plaf.basic.BasicTableUI.paintCell(BasicTableUI.java:2187)
	at java.desktop/javax.swing.plaf.basic.BasicTableUI.paintCells(BasicTableUI.java:2086)
	at java.desktop/javax.swing.plaf.basic.BasicTableUI.paint(BasicTableUI.java:1882)
	at java.desktop/javax.swing.plaf.ComponentUI.update(ComponentUI.java:161)
	at java.desktop/javax.swing.JComponent.paintComponent(JComponent.java:852)
	at java.desktop/javax.swing.JComponent.paint(JComponent.java:1128)
	at java.desktop/javax.swing.JComponent.paintChildren(JComponent.java:961)
	at java.desktop/javax.swing.JComponent.paint(JComponent.java:1137)
	at java.desktop/javax.swing.JViewport.paint(JViewport.java:736)
	at java.desktop/javax.swing.JComponent.paintChildren(JComponent.java:961)
	at java.desktop/javax.swing.JComponent.paint(JComponent.java:1137)
	at java.desktop/javax.swing.JComponent.paintChildren(JComponent.java:961)
	at java.desktop/javax.swing.JComponent.paint(JComponent.java:1137)
	at java.desktop/javax.swing.JComponent.paintChildren(JComponent.java:961)
	at java.desktop/javax.swing.JComponent.paint(JComponent.java:1137)
	at java.desktop/javax.swing.JViewport.paint(JViewport.java:736)
	at java.desktop/javax.swing.JComponent.paintChildren(JComponent.java:961)
	at java.desktop/javax.swing.JComponent.paint(JComponent.java:1137)
	at java.desktop/javax.swing.JComponent.paintChildren(JComponent.java:961)
	at java.desktop/javax.swing.JComponent.paint(JComponent.java:1137)
	at java.desktop/javax.swing.JComponent.paintChildren(JComponent.java:961)
	at java.desktop/javax.swing.JComponent.paint(JComponent.java:1137)
	at java.desktop/javax.swing.JComponent.paintChildren(JComponent.java:961)
	at java.desktop/javax.swing.JComponent.paint(JComponent.java:1137)
	at java.desktop/javax.swing.JLayeredPane.paint(JLayeredPane.java:586)
	at java.desktop/javax.swing.JComponent.paintChildren(JComponent.java:961)
	at java.desktop/javax.swing.JComponent.paint(JComponent.java:1137)
	at java.desktop/javax.swing.JComponent.paintChildren(JComponent.java:961)
	at java.desktop/javax.swing.JComponent.paint(JComponent.java:1137)
	at java.desktop/javax.swing.JComponent.paintChildren(JComponent.java:961)
	at java.desktop/javax.swing.JComponent.paint(JComponent.java:1137)
	at java.desktop/javax.swing.JLayeredPane.paint(JLayeredPane.java:586)
	at java.desktop/javax.swing.JComponent.paintToOffscreen(JComponent.java:5324)
	at java.desktop/javax.swing.RepaintManager$PaintManager.paintDoubleBufferedFPScales(RepaintManager.java:1720)
	at java.desktop/javax.swing.RepaintManager$PaintManager.paintDoubleBuffered(RepaintManager.java:1629)
	at java.desktop/javax.swing.RepaintManager$PaintManager.paint(RepaintManager.java:1569)
	at java.desktop/javax.swing.RepaintManager.paint(RepaintManager.java:1336)
	at java.desktop/javax.swing.JComponent._paintImmediately(JComponent.java:5272)
	at java.desktop/javax.swing.JComponent.paintImmediately(JComponent.java:5082)
	at java.desktop/javax.swing.RepaintManager$4.run(RepaintManager.java:878)
	at java.desktop/javax.swing.RepaintManager$4.run(RepaintManager.java:861)
	at java.base/java.security.AccessController.doPrivileged(AccessController.java:400)
	at java.base/java.security.ProtectionDomain$JavaSecurityAccessImpl.doIntersectionPrivilege(ProtectionDomain.java:87)
	at java.desktop/javax.swing.RepaintManager.paintDirtyRegions(RepaintManager.java:861)
	at java.desktop/javax.swing.RepaintManager.paintDirtyRegions(RepaintManager.java:834)
	at java.desktop/javax.swing.RepaintManager.prePaintDirtyRegions(RepaintManager.java:784)
	at java.desktop/javax.swing.RepaintManager$ProcessingRunnable.run(RepaintManager.java:1897)
	at java.desktop/java.awt.event.InvocationEvent.dispatch(InvocationEvent.java:318)
	at java.desktop/java.awt.EventQueue.dispatchEventImpl(EventQueue.java:773)
	at java.desktop/java.awt.EventQueue$4.run(EventQueue.java:720)
	at java.desktop/java.awt.EventQueue$4.run(EventQueue.java:714)
	at java.base/java.security.AccessController.doPrivileged(AccessController.java:400)
	at java.base/java.security.ProtectionDomain$JavaSecurityAccessImpl.doIntersectionPrivilege(ProtectionDomain.java:87)
	at java.desktop/java.awt.EventQueue.dispatchEvent(EventQueue.java:742)
	at java.desktop/java.awt.EventDispatchThread.pumpOneEventForFilters(EventDispatchThread.java:203)
	at java.desktop/java.awt.EventDispatchThread.pumpEventsForFilter(EventDispatchThread.java:124)
	at java.desktop/java.awt.EventDispatchThread.pumpEventsForHierarchy(EventDispatchThread.java:113)
	at java.desktop/java.awt.EventDispatchThread.pumpEvents(EventDispatchThread.java:109)
	at java.desktop/java.awt.EventDispatchThread.pumpEvents(EventDispatchThread.java:101)
	at java.desktop/java.awt.EventDispatchThread.run(EventDispatchThread.java:90)

[2024-12-19 10:56:19 #6 *] 
java.lang.NullPointerException: Cannot invoke "com.objectdb.o.UMR.YA()" because "<parameter1>" is null
	at com.objectdb.o.VAR.D(VAR.java:642)
	at com.objectdb.o.QNF.s(QNF.java:981)
	at com.objectdb.o.QNF.q(QNF.java:790)
	at com.objectdb.o.QNF.v(QNF.java:259)
	at com.objectdb.o.SYR.d(SYR.java:292)
	at com.objectdb.o.SYR.f(SYR.java:182)
	at com.objectdb.o.QRC.<init>(QRC.java:158)
	at com.objectdb.o.QRM.Z1(QRM.java:272)
	at com.objectdb.o.MST.Z1(MST.java:1026)
	at com.objectdb.o.WRA.Z1(WRA.java:313)
	at com.objectdb.o.WSM.Z1(WSM.java:117)
	at com.objectdb.o.QRR.k(QRR.java:260)
	at com.objectdb.o.QRR.i(QRR.java:154)
	at com.objectdb.o.QRR.a(QRR.java:634)
	at com.objectdb.o.IMQ.a(IMQ.java:144)
	at com.objectdb.o.UMR.A(UMR.java:512)
	at com.objectdb.o.ENT.loadInverse(ENT.java:1562)
	at com.objectdb.o.IVP.h(IVP.java:150)
	at com.objectdb.o.IVP.a(IVP.java:138)
	at com.objectdb.o.ILP.size(ILP.java:233)
	at com.objectdb.o.CLI.getChildCount(CLI.java:124)
	at com.objectdb.o.MultiValueItem.toString(MultiValueItem.java:56)
	at com.objectdb.o.DIT.toString(DIT.java:553)
	at com.objectdb.o.ItemTableControl.prepareRenderer(ItemTableControl.java:228)
	at java.desktop/javax.swing.plaf.basic.BasicTableUI.paintCell(BasicTableUI.java:2187)
	at java.desktop/javax.swing.plaf.basic.BasicTableUI.paintCells(BasicTableUI.java:2086)
	at java.desktop/javax.swing.plaf.basic.BasicTableUI.paint(BasicTableUI.java:1882)
	at java.desktop/javax.swing.plaf.ComponentUI.update(ComponentUI.java:161)
	at java.desktop/javax.swing.JComponent.paintComponent(JComponent.java:852)
	at java.desktop/javax.swing.JComponent.paint(JComponent.java:1128)
	at java.desktop/javax.swing.JComponent.paintChildren(JComponent.java:961)
	at java.desktop/javax.swing.JComponent.paint(JComponent.java:1137)
	at java.desktop/javax.swing.JViewport.paint(JViewport.java:736)
	at java.desktop/javax.swing.JComponent.paintChildren(JComponent.java:961)
	at java.desktop/javax.swing.JComponent.paint(JComponent.java:1137)
	at java.desktop/javax.swing.JComponent.paintChildren(JComponent.java:961)
	at java.desktop/javax.swing.JComponent.paint(JComponent.java:1137)
	at java.desktop/javax.swing.JComponent.paintChildren(JComponent.java:961)
	at java.desktop/javax.swing.JComponent.paint(JComponent.java:1137)
	at java.desktop/javax.swing.JViewport.paint(JViewport.java:736)
	at java.desktop/javax.swing.JComponent.paintChildren(JComponent.java:961)
	at java.desktop/javax.swing.JComponent.paint(JComponent.java:1137)
	at java.desktop/javax.swing.JComponent.paintChildren(JComponent.java:961)
	at java.desktop/javax.swing.JComponent.paint(JComponent.java:1137)
	at java.desktop/javax.swing.JComponent.paintChildren(JComponent.java:961)
	at java.desktop/javax.swing.JComponent.paint(JComponent.java:1137)
	at java.desktop/javax.swing.JComponent.paintChildren(JComponent.java:961)
	at java.desktop/javax.swing.JComponent.paint(JComponent.java:1137)
	at java.desktop/javax.swing.JLayeredPane.paint(JLayeredPane.java:586)
	at java.desktop/javax.swing.JComponent.paintChildren(JComponent.java:961)
	at java.desktop/javax.swing.JComponent.paint(JComponent.java:1137)
	at java.desktop/javax.swing.JComponent.paintChildren(JComponent.java:961)
	at java.desktop/javax.swing.JComponent.paint(JComponent.java:1137)
	at java.desktop/javax.swing.JComponent.paintChildren(JComponent.java:961)
	at java.desktop/javax.swing.JComponent.paint(JComponent.java:1137)
	at java.desktop/javax.swing.JLayeredPane.paint(JLayeredPane.java:586)
	at java.desktop/javax.swing.JComponent.paintToOffscreen(JComponent.java:5324)
	at java.desktop/javax.swing.RepaintManager$PaintManager.paintDoubleBufferedFPScales(RepaintManager.java:1720)
	at java.desktop/javax.swing.RepaintManager$PaintManager.paintDoubleBuffered(RepaintManager.java:1629)
	at java.desktop/javax.swing.RepaintManager$PaintManager.paint(RepaintManager.java:1569)
	at java.desktop/javax.swing.RepaintManager.paint(RepaintManager.java:1336)
	at java.desktop/javax.swing.JComponent._paintImmediately(JComponent.java:5272)
	at java.desktop/javax.swing.JComponent.paintImmediately(JComponent.java:5082)
	at java.desktop/javax.swing.RepaintManager$4.run(RepaintManager.java:878)
	at java.desktop/javax.swing.RepaintManager$4.run(RepaintManager.java:861)
	at java.base/java.security.AccessController.doPrivileged(AccessController.java:400)
	at java.base/java.security.ProtectionDomain$JavaSecurityAccessImpl.doIntersectionPrivilege(ProtectionDomain.java:87)
	at java.desktop/javax.swing.RepaintManager.paintDirtyRegions(RepaintManager.java:861)
	at java.desktop/javax.swing.RepaintManager.paintDirtyRegions(RepaintManager.java:834)
	at java.desktop/javax.swing.RepaintManager.prePaintDirtyRegions(RepaintManager.java:784)
	at java.desktop/javax.swing.RepaintManager$ProcessingRunnable.run(RepaintManager.java:1897)
	at java.desktop/java.awt.event.InvocationEvent.dispatch(InvocationEvent.java:318)
	at java.desktop/java.awt.EventQueue.dispatchEventImpl(EventQueue.java:773)
	at java.desktop/java.awt.EventQueue$4.run(EventQueue.java:720)
	at java.desktop/java.awt.EventQueue$4.run(EventQueue.java:714)
	at java.base/java.security.AccessController.doPrivileged(AccessController.java:400)
	at java.base/java.security.ProtectionDomain$JavaSecurityAccessImpl.doIntersectionPrivilege(ProtectionDomain.java:87)
	at java.desktop/java.awt.EventQueue.dispatchEvent(EventQueue.java:742)
	at java.desktop/java.awt.EventDispatchThread.pumpOneEventForFilters(EventDispatchThread.java:203)
	at java.desktop/java.awt.EventDispatchThread.pumpEventsForFilter(EventDispatchThread.java:124)
	at java.desktop/java.awt.EventDispatchThread.pumpEventsForHierarchy(EventDispatchThread.java:113)
	at java.desktop/java.awt.EventDispatchThread.pumpEvents(EventDispatchThread.java:109)
	at java.desktop/java.awt.EventDispatchThread.pumpEvents(EventDispatchThread.java:101)
	at java.desktop/java.awt.EventDispatchThread.run(EventDispatchThread.java:90)

[2024-12-19 10:56:19 #7 *] 
java.lang.NullPointerException: Cannot invoke "com.objectdb.o.UMR.YA()" because "<parameter1>" is null
	at com.objectdb.o.VAR.D(VAR.java:642)
	at com.objectdb.o.QNF.s(QNF.java:981)
	at com.objectdb.o.QNF.q(QNF.java:790)
	at com.objectdb.o.QNF.v(QNF.java:259)
	at com.objectdb.o.SYR.d(SYR.java:292)
	at com.objectdb.o.SYR.f(SYR.java:182)
	at com.objectdb.o.QRC.<init>(QRC.java:158)
	at com.objectdb.o.QRM.Z1(QRM.java:272)
	at com.objectdb.o.MST.Z1(MST.java:1026)
	at com.objectdb.o.WRA.Z1(WRA.java:313)
	at com.objectdb.o.WSM.Z1(WSM.java:117)
	at com.objectdb.o.QRR.k(QRR.java:260)
	at com.objectdb.o.QRR.i(QRR.java:154)
	at com.objectdb.o.QRR.a(QRR.java:634)
	at com.objectdb.o.IMQ.a(IMQ.java:144)
	at com.objectdb.o.UMR.A(UMR.java:512)
	at com.objectdb.o.ENT.loadInverse(ENT.java:1562)
	at com.objectdb.o.IVP.h(IVP.java:150)
	at com.objectdb.o.IVP.a(IVP.java:138)
	at com.objectdb.o.ILP.size(ILP.java:233)
	at com.objectdb.o.CLI.getChildCount(CLI.java:124)
	at com.objectdb.o.MultiValueItem.toString(MultiValueItem.java:56)
	at com.objectdb.o.DIT.toString(DIT.java:553)
	at com.objectdb.o.ItemTableControl.prepareRenderer(ItemTableControl.java:228)
	at java.desktop/javax.swing.plaf.basic.BasicTableUI.paintCell(BasicTableUI.java:2187)
	at java.desktop/javax.swing.plaf.basic.BasicTableUI.paintCells(BasicTableUI.java:2086)
	at java.desktop/javax.swing.plaf.basic.BasicTableUI.paint(BasicTableUI.java:1882)
	at java.desktop/javax.swing.plaf.ComponentUI.update(ComponentUI.java:161)
	at java.desktop/javax.swing.JComponent.paintComponent(JComponent.java:852)
	at java.desktop/javax.swing.JComponent.paint(JComponent.java:1128)
	at java.desktop/javax.swing.JComponent.paintChildren(JComponent.java:961)
	at java.desktop/javax.swing.JComponent.paint(JComponent.java:1137)
	at java.desktop/javax.swing.JViewport.paint(JViewport.java:736)
	at java.desktop/javax.swing.JComponent.paintChildren(JComponent.java:961)
	at java.desktop/javax.swing.JComponent.paint(JComponent.java:1137)
	at java.desktop/javax.swing.JComponent.paintChildren(JComponent.java:961)
	at java.desktop/javax.swing.JComponent.paint(JComponent.java:1137)
	at java.desktop/javax.swing.JComponent.paintChildren(JComponent.java:961)
	at java.desktop/javax.swing.JComponent.paint(JComponent.java:1137)
	at java.desktop/javax.swing.JViewport.paint(JViewport.java:736)
	at java.desktop/javax.swing.JComponent.paintChildren(JComponent.java:961)
	at java.desktop/javax.swing.JComponent.paint(JComponent.java:1137)
	at java.desktop/javax.swing.JComponent.paintChildren(JComponent.java:961)
	at java.desktop/javax.swing.JComponent.paint(JComponent.java:1137)
	at java.desktop/javax.swing.JComponent.paintChildren(JComponent.java:961)
	at java.desktop/javax.swing.JComponent.paint(JComponent.java:1137)
	at java.desktop/javax.swing.JComponent.paintChildren(JComponent.java:961)
	at java.desktop/javax.swing.JComponent.paint(JComponent.java:1137)
	at java.desktop/javax.swing.JLayeredPane.paint(JLayeredPane.java:586)
	at java.desktop/javax.swing.JComponent.paintChildren(JComponent.java:961)
	at java.desktop/javax.swing.JComponent.paint(JComponent.java:1137)
	at java.desktop/javax.swing.JComponent.paintChildren(JComponent.java:961)
	at java.desktop/javax.swing.JComponent.paint(JComponent.java:1137)
	at java.desktop/javax.swing.JComponent.paintToOffscreen(JComponent.java:5324)
	at java.desktop/javax.swing.RepaintManager$PaintManager.paintDoubleBufferedFPScales(RepaintManager.java:1720)
	at java.desktop/javax.swing.RepaintManager$PaintManager.paintDoubleBuffered(RepaintManager.java:1629)
	at java.desktop/javax.swing.RepaintManager$PaintManager.paint(RepaintManager.java:1569)
	at java.desktop/javax.swing.RepaintManager.paint(RepaintManager.java:1336)
	at java.desktop/javax.swing.JComponent._paintImmediately(JComponent.java:5272)
	at java.desktop/javax.swing.JComponent.paintImmediately(JComponent.java:5082)
	at java.desktop/javax.swing.RepaintManager$4.run(RepaintManager.java:878)
	at java.desktop/javax.swing.RepaintManager$4.run(RepaintManager.java:861)
	at java.base/java.security.AccessController.doPrivileged(AccessController.java:400)
	at java.base/java.security.ProtectionDomain$JavaSecurityAccessImpl.doIntersectionPrivilege(ProtectionDomain.java:87)
	at java.desktop/javax.swing.RepaintManager.paintDirtyRegions(RepaintManager.java:861)
	at java.desktop/javax.swing.RepaintManager.paintDirtyRegions(RepaintManager.java:834)
	at java.desktop/javax.swing.RepaintManager.prePaintDirtyRegions(RepaintManager.java:784)
	at java.desktop/javax.swing.RepaintManager$ProcessingRunnable.run(RepaintManager.java:1897)
	at java.desktop/java.awt.event.InvocationEvent.dispatch(InvocationEvent.java:318)
	at java.desktop/java.awt.EventQueue.dispatchEventImpl(EventQueue.java:773)
	at java.desktop/java.awt.EventQueue$4.run(EventQueue.java:720)
	at java.desktop/java.awt.EventQueue$4.run(EventQueue.java:714)
	at java.base/java.security.AccessController.doPrivileged(AccessController.java:400)
	at java.base/java.security.ProtectionDomain$JavaSecurityAccessImpl.doIntersectionPrivilege(ProtectionDomain.java:87)
	at java.desktop/java.awt.EventQueue.dispatchEvent(EventQueue.java:742)
	at java.desktop/java.awt.EventDispatchThread.pumpOneEventForFilters(EventDispatchThread.java:203)
	at java.desktop/java.awt.EventDispatchThread.pumpEventsForFilter(EventDispatchThread.java:124)
	at java.desktop/java.awt.EventDispatchThread.pumpEventsForHierarchy(EventDispatchThread.java:113)
	at java.desktop/java.awt.EventDispatchThread.pumpEvents(EventDispatchThread.java:109)
	at java.desktop/java.awt.EventDispatchThread.pumpEvents(EventDispatchThread.java:101)
	at java.desktop/java.awt.EventDispatchThread.run(EventDispatchThread.java:90)

[2024-12-19 10:56:19 #8 *] 
java.lang.NullPointerException: Cannot invoke "com.objectdb.o.UMR.YA()" because "<parameter1>" is null
	at com.objectdb.o.VAR.D(VAR.java:642)
	at com.objectdb.o.QNF.s(QNF.java:981)
	at com.objectdb.o.QNF.q(QNF.java:790)
	at com.objectdb.o.QNF.v(QNF.java:259)
	at com.objectdb.o.SYR.d(SYR.java:292)
	at com.objectdb.o.SYR.f(SYR.java:182)
	at com.objectdb.o.QRC.<init>(QRC.java:158)
	at com.objectdb.o.QRM.Z1(QRM.java:272)
	at com.objectdb.o.MST.Z1(MST.java:1026)
	at com.objectdb.o.WRA.Z1(WRA.java:313)
	at com.objectdb.o.WSM.Z1(WSM.java:117)
	at com.objectdb.o.QRR.k(QRR.java:260)
	at com.objectdb.o.QRR.i(QRR.java:154)
	at com.objectdb.o.QRR.a(QRR.java:634)
	at com.objectdb.o.IMQ.a(IMQ.java:144)
	at com.objectdb.o.UMR.A(UMR.java:512)
	at com.objectdb.o.ENT.loadInverse(ENT.java:1562)
	at com.objectdb.o.IVP.h(IVP.java:150)
	at com.objectdb.o.IVP.a(IVP.java:138)
	at com.objectdb.o.ILP.size(ILP.java:233)
	at com.objectdb.o.CLI.getChildCount(CLI.java:124)
	at com.objectdb.o.MultiValueItem.toString(MultiValueItem.java:56)
	at com.objectdb.o.DIT.toString(DIT.java:553)
	at com.objectdb.o.ItemTableControl.prepareRenderer(ItemTableControl.java:228)
	at java.desktop/javax.swing.plaf.basic.BasicTableUI.paintCell(BasicTableUI.java:2187)
	at java.desktop/javax.swing.plaf.basic.BasicTableUI.paintCells(BasicTableUI.java:2086)
	at java.desktop/javax.swing.plaf.basic.BasicTableUI.paint(BasicTableUI.java:1882)
	at java.desktop/javax.swing.plaf.ComponentUI.update(ComponentUI.java:161)
	at java.desktop/javax.swing.JComponent.paintComponent(JComponent.java:852)
	at java.desktop/javax.swing.JComponent.paint(JComponent.java:1128)
	at java.desktop/javax.swing.JComponent.paintChildren(JComponent.java:961)
	at java.desktop/javax.swing.JComponent.paint(JComponent.java:1137)
	at java.desktop/javax.swing.JViewport.paint(JViewport.java:736)
	at java.desktop/javax.swing.JComponent.paintChildren(JComponent.java:961)
	at java.desktop/javax.swing.JComponent.paint(JComponent.java:1137)
	at java.desktop/javax.swing.JComponent.paintChildren(JComponent.java:961)
	at java.desktop/javax.swing.JComponent.paint(JComponent.java:1137)
	at java.desktop/javax.swing.JComponent.paintChildren(JComponent.java:961)
	at java.desktop/javax.swing.JComponent.paint(JComponent.java:1137)
	at java.desktop/javax.swing.JViewport.paint(JViewport.java:736)
	at java.desktop/javax.swing.JComponent.paintChildren(JComponent.java:961)
	at java.desktop/javax.swing.JComponent.paint(JComponent.java:1137)
	at java.desktop/javax.swing.JComponent.paintChildren(JComponent.java:961)
	at java.desktop/javax.swing.JComponent.paint(JComponent.java:1137)
	at java.desktop/javax.swing.JComponent.paintChildren(JComponent.java:961)
	at java.desktop/javax.swing.JComponent.paint(JComponent.java:1137)
	at java.desktop/javax.swing.JComponent.paintChildren(JComponent.java:961)
	at java.desktop/javax.swing.JComponent.paint(JComponent.java:1137)
	at java.desktop/javax.swing.JLayeredPane.paint(JLayeredPane.java:586)
	at java.desktop/javax.swing.JComponent.paintChildren(JComponent.java:961)
	at java.desktop/javax.swing.JComponent.paint(JComponent.java:1137)
	at java.desktop/javax.swing.JComponent.paintChildren(JComponent.java:961)
	at java.desktop/javax.swing.JComponent.paint(JComponent.java:1137)
	at java.desktop/javax.swing.JComponent.paintToOffscreen(JComponent.java:5324)
	at java.desktop/javax.swing.RepaintManager$PaintManager.paintDoubleBufferedFPScales(RepaintManager.java:1720)
	at java.desktop/javax.swing.RepaintManager$PaintManager.paintDoubleBuffered(RepaintManager.java:1629)
	at java.desktop/javax.swing.RepaintManager$PaintManager.paint(RepaintManager.java:1569)
	at java.desktop/javax.swing.RepaintManager.paint(RepaintManager.java:1336)
	at java.desktop/javax.swing.JComponent._paintImmediately(JComponent.java:5272)
	at java.desktop/javax.swing.JComponent.paintImmediately(JComponent.java:5082)
	at java.desktop/javax.swing.RepaintManager$4.run(RepaintManager.java:878)
	at java.desktop/javax.swing.RepaintManager$4.run(RepaintManager.java:861)
	at java.base/java.security.AccessController.doPrivileged(AccessController.java:400)
	at java.base/java.security.ProtectionDomain$JavaSecurityAccessImpl.doIntersectionPrivilege(ProtectionDomain.java:87)
	at java.desktop/javax.swing.RepaintManager.paintDirtyRegions(RepaintManager.java:861)
	at java.desktop/javax.swing.RepaintManager.paintDirtyRegions(RepaintManager.java:834)
	at java.desktop/javax.swing.RepaintManager.prePaintDirtyRegions(RepaintManager.java:784)
	at java.desktop/javax.swing.RepaintManager$ProcessingRunnable.run(RepaintManager.java:1897)
	at java.desktop/java.awt.event.InvocationEvent.dispatch(InvocationEvent.java:318)
	at java.desktop/java.awt.EventQueue.dispatchEventImpl(EventQueue.java:773)
	at java.desktop/java.awt.EventQueue$4.run(EventQueue.java:720)
	at java.desktop/java.awt.EventQueue$4.run(EventQueue.java:714)
	at java.base/java.security.AccessController.doPrivileged(AccessController.java:400)
	at java.base/java.security.ProtectionDomain$JavaSecurityAccessImpl.doIntersectionPrivilege(ProtectionDomain.java:87)
	at java.desktop/java.awt.EventQueue.dispatchEvent(EventQueue.java:742)
	at java.desktop/java.awt.EventDispatchThread.pumpOneEventForFilters(EventDispatchThread.java:203)
	at java.desktop/java.awt.EventDispatchThread.pumpEventsForFilter(EventDispatchThread.java:124)
	at java.desktop/java.awt.EventDispatchThread.pumpEventsForHierarchy(EventDispatchThread.java:113)
	at java.desktop/java.awt.EventDispatchThread.pumpEvents(EventDispatchThread.java:109)
	at java.desktop/java.awt.EventDispatchThread.pumpEvents(EventDispatchThread.java:101)
	at java.desktop/java.awt.EventDispatchThread.run(EventDispatchThread.java:90)

[2024-12-19 10:56:19 #9 *] 
java.lang.NullPointerException: Cannot invoke "com.objectdb.o.UMR.YA()" because "<parameter1>" is null
	at com.objectdb.o.VAR.D(VAR.java:642)
	at com.objectdb.o.QNF.s(QNF.java:981)
	at com.objectdb.o.QNF.q(QNF.java:790)
	at com.objectdb.o.QNF.v(QNF.java:259)
	at com.objectdb.o.SYR.d(SYR.java:292)
	at com.objectdb.o.SYR.f(SYR.java:182)
	at com.objectdb.o.QRC.<init>(QRC.java:158)
	at com.objectdb.o.QRM.Z1(QRM.java:272)
	at com.objectdb.o.MST.Z1(MST.java:1026)
	at com.objectdb.o.WRA.Z1(WRA.java:313)
	at com.objectdb.o.WSM.Z1(WSM.java:117)
	at com.objectdb.o.QRR.k(QRR.java:260)
	at com.objectdb.o.QRR.i(QRR.java:154)
	at com.objectdb.o.QRR.a(QRR.java:634)
	at com.objectdb.o.IMQ.a(IMQ.java:144)
	at com.objectdb.o.UMR.A(UMR.java:512)
	at com.objectdb.o.ENT.loadInverse(ENT.java:1562)
	at com.objectdb.o.IVP.h(IVP.java:150)
	at com.objectdb.o.IVP.a(IVP.java:138)
	at com.objectdb.o.ILP.size(ILP.java:233)
	at com.objectdb.o.CLI.getChildCount(CLI.java:124)
	at com.objectdb.o.MultiValueItem.toString(MultiValueItem.java:56)
	at com.objectdb.o.DIT.toString(DIT.java:553)
	at com.objectdb.o.ItemTableControl.prepareRenderer(ItemTableControl.java:228)
	at java.desktop/javax.swing.plaf.basic.BasicTableUI.paintCell(BasicTableUI.java:2187)
	at java.desktop/javax.swing.plaf.basic.BasicTableUI.paintCells(BasicTableUI.java:2086)
	at java.desktop/javax.swing.plaf.basic.BasicTableUI.paint(BasicTableUI.java:1882)
	at java.desktop/javax.swing.plaf.ComponentUI.update(ComponentUI.java:161)
	at java.desktop/javax.swing.JComponent.paintComponent(JComponent.java:852)
	at java.desktop/javax.swing.JComponent.paint(JComponent.java:1128)
	at java.desktop/javax.swing.JComponent.paintChildren(JComponent.java:961)
	at java.desktop/javax.swing.JComponent.paint(JComponent.java:1137)
	at java.desktop/javax.swing.JViewport.paint(JViewport.java:736)
	at java.desktop/javax.swing.JComponent.paintChildren(JComponent.java:961)
	at java.desktop/javax.swing.JComponent.paint(JComponent.java:1137)
	at java.desktop/javax.swing.JComponent.paintChildren(JComponent.java:961)
	at java.desktop/javax.swing.JComponent.paint(JComponent.java:1137)
	at java.desktop/javax.swing.JComponent.paintChildren(JComponent.java:961)
	at java.desktop/javax.swing.JComponent.paint(JComponent.java:1137)
	at java.desktop/javax.swing.JViewport.paint(JViewport.java:736)
	at java.desktop/javax.swing.JComponent.paintChildren(JComponent.java:961)
	at java.desktop/javax.swing.JComponent.paint(JComponent.java:1137)
	at java.desktop/javax.swing.JComponent.paintChildren(JComponent.java:961)
	at java.desktop/javax.swing.JComponent.paint(JComponent.java:1137)
	at java.desktop/javax.swing.JComponent.paintChildren(JComponent.java:961)
	at java.desktop/javax.swing.JComponent.paint(JComponent.java:1137)
	at java.desktop/javax.swing.JComponent.paintChildren(JComponent.java:961)
	at java.desktop/javax.swing.JComponent.paint(JComponent.java:1137)
	at java.desktop/javax.swing.JLayeredPane.paint(JLayeredPane.java:586)
	at java.desktop/javax.swing.JComponent.paintChildren(JComponent.java:961)
	at java.desktop/javax.swing.JComponent.paint(JComponent.java:1137)
	at java.desktop/javax.swing.JComponent.paintChildren(JComponent.java:961)
	at java.desktop/javax.swing.JComponent.paint(JComponent.java:1137)
	at java.desktop/javax.swing.JComponent.paintToOffscreen(JComponent.java:5324)
	at java.desktop/javax.swing.RepaintManager$PaintManager.paintDoubleBufferedFPScales(RepaintManager.java:1720)
	at java.desktop/javax.swing.RepaintManager$PaintManager.paintDoubleBuffered(RepaintManager.java:1629)
	at java.desktop/javax.swing.RepaintManager$PaintManager.paint(RepaintManager.java:1569)
	at java.desktop/javax.swing.RepaintManager.paint(RepaintManager.java:1336)
	at java.desktop/javax.swing.JComponent._paintImmediately(JComponent.java:5272)
	at java.desktop/javax.swing.JComponent.paintImmediately(JComponent.java:5082)
	at java.desktop/javax.swing.RepaintManager$4.run(RepaintManager.java:878)
	at java.desktop/javax.swing.RepaintManager$4.run(RepaintManager.java:861)
	at java.base/java.security.AccessController.doPrivileged(AccessController.java:400)
	at java.base/java.security.ProtectionDomain$JavaSecurityAccessImpl.doIntersectionPrivilege(ProtectionDomain.java:87)
	at java.desktop/javax.swing.RepaintManager.paintDirtyRegions(RepaintManager.java:861)
	at java.desktop/javax.swing.RepaintManager.paintDirtyRegions(RepaintManager.java:834)
	at java.desktop/javax.swing.RepaintManager.prePaintDirtyRegions(RepaintManager.java:784)
	at java.desktop/javax.swing.RepaintManager$ProcessingRunnable.run(RepaintManager.java:1897)
	at java.desktop/java.awt.event.InvocationEvent.dispatch(InvocationEvent.java:318)
	at java.desktop/java.awt.EventQueue.dispatchEventImpl(EventQueue.java:773)
	at java.desktop/java.awt.EventQueue$4.run(EventQueue.java:720)
	at java.desktop/java.awt.EventQueue$4.run(EventQueue.java:714)
	at java.base/java.security.AccessController.doPrivileged(AccessController.java:400)
	at java.base/java.security.ProtectionDomain$JavaSecurityAccessImpl.doIntersectionPrivilege(ProtectionDomain.java:87)
	at java.desktop/java.awt.EventQueue.dispatchEvent(EventQueue.java:742)
	at java.desktop/java.awt.EventDispatchThread.pumpOneEventForFilters(EventDispatchThread.java:203)
	at java.desktop/java.awt.EventDispatchThread.pumpEventsForFilter(EventDispatchThread.java:124)
	at java.desktop/java.awt.EventDispatchThread.pumpEventsForHierarchy(EventDispatchThread.java:113)
	at java.desktop/java.awt.EventDispatchThread.pumpEvents(EventDispatchThread.java:109)
	at java.desktop/java.awt.EventDispatchThread.pumpEvents(EventDispatchThread.java:101)
	at java.desktop/java.awt.EventDispatchThread.run(EventDispatchThread.java:90)

[2024-12-19 11:04:40 #10 store] 
Database 'C:\Users\shosh\Desktop\objectdb-2.8.7\objectdb-2.8.7\db\odbtest.odb' is closed by 25596@shaahdmostafa

